<?xml version="1.0" encoding="UTF-8"?>
<!-- Generated by org.testng.reporters.JUnitReportReporter -->
<testsuite hostname="DESKTOP-46OV0A8" failures="0" tests="2" name="org.example.DemoTest" time="15.344" errors="0" timestamp="2021-03-29T21:42:38 COT" skipped="0">
  <testcase classname="org.example.DemoTest" name="flightTest" time="9.601"/>
  <system-out/>
  <testcase classname="org.example.DemoTest" name="flightTest" time="5.743"/>
  <system-out/>
</testsuite> <!-- org.example.DemoTest -->
