<?xml version="1.0" encoding="UTF-8"?>
<!-- Generated by org.testng.reporters.JUnitReportReporter -->
<testsuite hostname="DESKTOP-46OV0A8" failures="0" tests="1" name="org.example.AppTest" time="0.005" errors="0" timestamp="2021-03-29T21:42:38 COT" skipped="0">
  <testcase classname="org.example.AppTest" name="shouldAnswerWithTrue" time="0.005"/>
  <system-out/>
</testsuite> <!-- org.example.AppTest -->
